Build started 2013-10-16 11:55:39.
     1>Project "D:\WorkStation\Research\GitHub\SensorPlatformSDK\Examples\USBCamera\USBCamera.vcxproj" on node 3 (rebuild target(s)).
     1>_PrepareForClean:
         Deleting file "x64\Debug\USBCamera.lastbuildstate".
       InitializeBuildStatus:
         Creating "x64\Debug\USBCamera.unsuccessfulbuild" because "AlwaysCreate" was specified.
       ComputeCustomBuildOutput:
         Creating directory "D:\WorkStation\Research\GitHub\SensorPlatformSDK\Examples\USBCamera\GeneratedFiles\Debug\".
       CustomBuild:
         Moc'ing usbcamera.h...
         Uic'ing usbcamera.ui...
         Rcc'ing usbcamera.qrc...
     1>RCC : warning : No resources in 'D:\WorkStation\Research\GitHub\SensorPlatformSDK\Examples\USBCamera\usbcamera.qrc'.
         
       ClCompile:
         D:\Program Files (x86)\Microsoft Visual Studio 10.0\VC\bin\x86_amd64\CL.exe /c /I.\GeneratedFiles /I. /I"D:\SDK\Qt\qt-4.8.5\include" /I.\GeneratedFiles\Debug /I"D:\SDK\Qt\qt-4.8.5\include\QtCore" /I"D:\SDK\Qt\qt-4.8.5\include\QtGui" /Zi /nologo /W1 /WX- /Od /D UNICODE /D WIN32 /D QT_DLL /D QT_CORE_LIB /D QT_GUI_LIB /Gm- /EHsc /MDd /GS /fp:precise /Zc:wchar_t- /Zc:forScope /Fo"x64\Debug\\" /Fd"x64\Debug\vc100.pdb" /Gd /TP /errorReport:prompt GeneratedFiles\Debug\moc_usbcamera.cpp main.cpp usbcamera.cpp
         moc_usbcamera.cpp
     1>d:\workstation\research\github\sensorplatformsdk\examples\usbcamera\generatedfiles\debug\../../usbcamera.h(6): fatal error C1083: Cannot open include file: 'Sensor\sensor.h': No such file or directory
         main.cpp
     1>d:\workstation\research\github\sensorplatformsdk\examples\usbcamera\usbcamera.h(6): fatal error C1083: Cannot open include file: 'Sensor\sensor.h': No such file or directory
         usbcamera.cpp
     1>d:\workstation\research\github\sensorplatformsdk\examples\usbcamera\usbcamera.h(6): fatal error C1083: Cannot open include file: 'Sensor\sensor.h': No such file or directory
         Generating Code...
     1>Done Building Project "D:\WorkStation\Research\GitHub\SensorPlatformSDK\Examples\USBCamera\USBCamera.vcxproj" (rebuild target(s)) -- FAILED.

Build FAILED.

Time Elapsed 00:00:03.10
